0785db58 W
000652d8 R
0005df58 W
000652e0 R
0785db50 W
000652e0 R
31308700 R
00062168 R
0785de58 W
010652d8 R
0405df58 W
005652e0 R
0795db50 W
000652e0 R
31308000 R
00062008 R
0785dg58 W
000652h8 R
0115df58 W
002352e0 R
0795db50 W
030652e0 R
31348800 R
07762368 R
0785ju58 W
0006iod8 R
0345df58 W
012352e0 R
0y85db50 W
00z652e0 R
31x08800 R
00v62368 R
07b5db58 W
00jk52d8 R
00lmdf58 W
000no2e0 R
0785pq50 W
00065rs0 R
31308tu0 R
00vx2368 R
078zdb58 W
000ab2d8 R
cd05df58 W
00ef52e0 R
gh85db50 W
000652ij R
31301100 R
00172368 R
0718db58 W
001952d8 R
0042df58 W
615652e0 R
0761db50 W
008752e0 R
31000000 R
0006un68 R
07yhdb58 W
0ca652d8 R
00crdf58 W
00dt52e0 R
07lsdb50 W
00he52e0 R
313fl800 R
000bi368 R
078bmb58 W
00ibm2d8 R
00apple8 W
mic652e0 R
07xaub50 W
000blau0 R
313lives R
00viva36 R
gh85db50 R